2020-06-03 14:35:42 [restartedMain] INFO  com.fisglobal.main.NvltyMain - MDC[] - Starting NvltyMain on System-1 with PID 22536 (C:\Neon\innovate\Nvlty\target\classes started by User1 in C:\Neon\innovate\Nvlty)
2020-06-03 14:35:42 [restartedMain] DEBUG com.fisglobal.main.NvltyMain - MDC[] - Running with Spring Boot v1.5.2.RELEASE, Spring v4.3.7.RELEASE
2020-06-03 14:35:42 [restartedMain] INFO  com.fisglobal.main.NvltyMain - MDC[] - The following profiles are active: dev
2020-06-03 14:35:42 [restartedMain] INFO  o.s.b.c.e.AnnotationConfigEmbeddedWebApplicationContext - MDC[] - Refreshing org.springframework.boot.context.embedded.AnnotationConfigEmbeddedWebApplicationContext@1f549a0: startup date [Wed Jun 03 14:35:42 IST 2020]; root of context hierarchy
2020-06-03 14:35:42 [background-preinit] INFO  o.h.validator.internal.util.Version - MDC[] - HV000001: Hibernate Validator 5.3.4.Final
2020-06-03 14:35:44 [restartedMain] INFO  c.u.j.c.EnableEncryptablePropertiesBeanFactoryPostProcessor - MDC[] - Post-processing PropertySource instances
2020-06-03 14:35:44 [restartedMain] INFO  c.u.j.EncryptablePropertySourceConverter - MDC[] - Converting PropertySource servletConfigInitParams [org.springframework.core.env.PropertySource$StubPropertySource] to EncryptablePropertySourceWrapper
2020-06-03 14:35:44 [restartedMain] INFO  c.u.j.EncryptablePropertySourceConverter - MDC[] - Converting PropertySource servletContextInitParams [org.springframework.core.env.PropertySource$StubPropertySource] to EncryptablePropertySourceWrapper
2020-06-03 14:35:44 [restartedMain] INFO  c.u.j.EncryptablePropertySourceConverter - MDC[] - Converting PropertySource systemProperties [org.springframework.core.env.MapPropertySource] to EncryptableMapPropertySourceWrapper
2020-06-03 14:35:44 [restartedMain] INFO  c.u.j.EncryptablePropertySourceConverter - MDC[] - Converting PropertySource systemEnvironment [org.springframework.core.env.SystemEnvironmentPropertySource] to EncryptableMapPropertySourceWrapper
2020-06-03 14:35:44 [restartedMain] INFO  c.u.j.EncryptablePropertySourceConverter - MDC[] - Converting PropertySource random [org.springframework.boot.context.config.RandomValuePropertySource] to EncryptablePropertySourceWrapper
2020-06-03 14:35:44 [restartedMain] INFO  c.u.j.EncryptablePropertySourceConverter - MDC[] - Converting PropertySource applicationConfig: [classpath:/application.properties] [org.springframework.core.env.PropertiesPropertySource] to EncryptableMapPropertySourceWrapper
2020-06-03 14:35:44 [restartedMain] INFO  c.u.j.EncryptablePropertySourceConverter - MDC[] - Converting PropertySource refresh [org.springframework.core.env.MapPropertySource] to EncryptableMapPropertySourceWrapper
2020-06-03 14:35:44 [restartedMain] INFO  o.s.c.s.PostProcessorRegistrationDelegate$BeanPostProcessorChecker - MDC[] - Bean 'org.springframework.transaction.annotation.ProxyTransactionManagementConfiguration' of type [org.springframework.transaction.annotation.ProxyTransactionManagementConfiguration$$EnhancerBySpringCGLIB$$270669d6] is not eligible for getting processed by all BeanPostProcessors (for example: not eligible for auto-proxying)
2020-06-03 14:35:44 [restartedMain] INFO  c.u.j.r.DefaultLazyPropertyResolver - MDC[] - Property Resolver custom Bean not found with name 'encryptablePropertyResolver'. Initializing Default Property Resolver
2020-06-03 14:35:44 [restartedMain] INFO  c.u.j.d.DefaultLazyPropertyDetector - MDC[] - Property Detector custom Bean not found with name 'encryptablePropertyDetector'. Initializing Default Property Detector
2020-06-03 14:35:45 [restartedMain] INFO  o.s.b.c.e.t.TomcatEmbeddedServletContainer - MDC[] - Tomcat initialized with port(s): 8333 (http)
2020-06-03 14:35:45 [restartedMain] INFO  o.a.catalina.core.StandardService - MDC[] - Starting service Tomcat
2020-06-03 14:35:45 [restartedMain] INFO  o.a.catalina.core.StandardEngine - MDC[] - Starting Servlet Engine: Apache Tomcat/8.5.11
2020-06-03 14:35:45 [localhost-startStop-1] INFO  o.a.c.c.C.[Tomcat].[localhost].[/] - MDC[] - Initializing Spring embedded WebApplicationContext
2020-06-03 14:35:45 [localhost-startStop-1] INFO  o.s.web.context.ContextLoader - MDC[] - Root WebApplicationContext: initialization completed in 3374 ms
2020-06-03 14:35:45 [localhost-startStop-1] INFO  o.s.b.w.s.ServletRegistrationBean - MDC[] - Mapping servlet: 'dispatcherServlet' to [/]
2020-06-03 14:35:45 [localhost-startStop-1] INFO  o.s.b.w.s.FilterRegistrationBean - MDC[] - Mapping filter: 'metricsFilter' to: [/*]
2020-06-03 14:35:45 [localhost-startStop-1] INFO  o.s.b.w.s.FilterRegistrationBean - MDC[] - Mapping filter: 'characterEncodingFilter' to: [/*]
2020-06-03 14:35:45 [localhost-startStop-1] INFO  o.s.b.w.s.FilterRegistrationBean - MDC[] - Mapping filter: 'hiddenHttpMethodFilter' to: [/*]
2020-06-03 14:35:45 [localhost-startStop-1] INFO  o.s.b.w.s.FilterRegistrationBean - MDC[] - Mapping filter: 'httpPutFormContentFilter' to: [/*]
2020-06-03 14:35:45 [localhost-startStop-1] INFO  o.s.b.w.s.FilterRegistrationBean - MDC[] - Mapping filter: 'requestContextFilter' to: [/*]
2020-06-03 14:35:45 [localhost-startStop-1] INFO  o.s.b.w.s.FilterRegistrationBean - MDC[] - Mapping filter: 'webRequestLoggingFilter' to: [/*]
2020-06-03 14:35:45 [localhost-startStop-1] INFO  o.s.b.w.s.FilterRegistrationBean - MDC[] - Mapping filter: 'applicationContextIdFilter' to: [/*]
2020-06-03 14:35:46 [restartedMain] INFO  o.s.w.s.m.m.a.RequestMappingHandlerMapping - MDC[] - Mapped "{[/v1.0.0/Nvlty/NvltyService/seatAllocSvc],methods=[POST],produces=[application/json]}" onto public org.springframework.http.ResponseEntity<com.fisglobal.responsebo.SeatAllocSvcResp> com.fisglobal.api.NvltyController.seatAllocSvc(com.fisglobal.requestbo.SeatAllocSvcReq,org.springframework.validation.BindingResult) throws java.lang.Exception
2020-06-03 14:35:46 [restartedMain] INFO  o.s.w.s.m.m.a.RequestMappingHandlerMapping - MDC[] - Mapped "{[/v1.0.0/Nvlty/NvltyService/insertSvc],methods=[POST],produces=[application/json]}" onto public org.springframework.http.ResponseEntity<com.fisglobal.responsebo.TrckSvcResp> com.fisglobal.api.NvltyController.insertSvc(com.fisglobal.requestbo.TrckSvcReq,org.springframework.validation.BindingResult) throws java.lang.Exception
2020-06-03 14:35:46 [restartedMain] INFO  o.s.w.s.m.m.a.RequestMappingHandlerMapping - MDC[] - Mapped "{[/v1.0.0/Nvlty/NvltyService/contactTrckSvc],methods=[POST],produces=[application/json]}" onto public org.springframework.http.ResponseEntity<com.fisglobal.responsebo.ContactTrckSvcResp> com.fisglobal.api.NvltyController.contactTrckSvc(com.fisglobal.requestbo.ContactTrckSvcReq,org.springframework.validation.BindingResult) throws java.lang.Exception
2020-06-03 14:35:46 [restartedMain] INFO  o.s.w.s.m.m.a.RequestMappingHandlerMapping - MDC[] - Mapped "{[/v1.0.0/Nvlty/NvltyService/calWrkFrcSvc],methods=[POST],produces=[application/json]}" onto public org.springframework.http.ResponseEntity<com.fisglobal.responsebo.CalWrkFrcResp> com.fisglobal.api.NvltyController.calWrkFrcSvc(com.fisglobal.requestbo.CalWrkFrcSvcReq,org.springframework.validation.BindingResult) throws java.lang.Exception
2020-06-03 14:35:46 [restartedMain] INFO  o.s.w.s.m.m.a.RequestMappingHandlerMapping - MDC[] - Mapped "{[/v1.0.0/Nvlty/NvltyService/regSvc],methods=[POST],produces=[application/json]}" onto public org.springframework.http.ResponseEntity<com.fisglobal.responsebo.RegSvcResp> com.fisglobal.api.NvltyController.regSvc(com.fisglobal.requestbo.RegSvcReq,org.springframework.validation.BindingResult) throws java.lang.Exception
2020-06-03 14:35:46 [restartedMain] INFO  o.s.w.s.m.m.a.RequestMappingHandlerMapping - MDC[] - Mapped "{[/v2/api-docs],methods=[GET],produces=[application/json || application/hal+json]}" onto public org.springframework.http.ResponseEntity<springfox.documentation.spring.web.json.Json> springfox.documentation.swagger2.web.Swagger2Controller.getDocumentation(java.lang.String,javax.servlet.http.HttpServletRequest)
2020-06-03 14:35:46 [restartedMain] INFO  o.s.w.s.m.m.a.RequestMappingHandlerMapping - MDC[] - Mapped "{[/swagger-resources/configuration/ui]}" onto org.springframework.http.ResponseEntity<springfox.documentation.swagger.web.UiConfiguration> springfox.documentation.swagger.web.ApiResourceController.uiConfiguration()
2020-06-03 14:35:46 [restartedMain] INFO  o.s.w.s.m.m.a.RequestMappingHandlerMapping - MDC[] - Mapped "{[/swagger-resources]}" onto org.springframework.http.ResponseEntity<java.util.List<springfox.documentation.swagger.web.SwaggerResource>> springfox.documentation.swagger.web.ApiResourceController.swaggerResources()
2020-06-03 14:35:46 [restartedMain] INFO  o.s.w.s.m.m.a.RequestMappingHandlerMapping - MDC[] - Mapped "{[/swagger-resources/configuration/security]}" onto org.springframework.http.ResponseEntity<springfox.documentation.swagger.web.SecurityConfiguration> springfox.documentation.swagger.web.ApiResourceController.securityConfiguration()
2020-06-03 14:35:46 [restartedMain] INFO  o.s.w.s.m.m.a.RequestMappingHandlerMapping - MDC[] - Mapped "{[/error]}" onto public org.springframework.http.ResponseEntity<java.util.Map<java.lang.String, java.lang.Object>> org.springframework.boot.autoconfigure.web.BasicErrorController.error(javax.servlet.http.HttpServletRequest)
2020-06-03 14:35:46 [restartedMain] INFO  o.s.w.s.m.m.a.RequestMappingHandlerMapping - MDC[] - Mapped "{[/error],produces=[text/html]}" onto public org.springframework.web.servlet.ModelAndView org.springframework.boot.autoconfigure.web.BasicErrorController.errorHtml(javax.servlet.http.HttpServletRequest,javax.servlet.http.HttpServletResponse)
2020-06-03 14:35:47 [restartedMain] INFO  o.s.b.a.e.m.EndpointHandlerMapping - MDC[] - Mapped "{[/configprops || /configprops.json],methods=[GET],produces=[application/vnd.spring-boot.actuator.v1+json || application/json]}" onto public java.lang.Object org.springframework.boot.actuate.endpoint.mvc.EndpointMvcAdapter.invoke()
2020-06-03 14:35:47 [restartedMain] INFO  o.s.b.a.e.m.EndpointHandlerMapping - MDC[] - Mapped "{[/auditevents || /auditevents.json],methods=[GET],produces=[application/vnd.spring-boot.actuator.v1+json || application/json]}" onto public org.springframework.http.ResponseEntity<?> org.springframework.boot.actuate.endpoint.mvc.AuditEventsMvcEndpoint.findByPrincipalAndAfterAndType(java.lang.String,java.util.Date,java.lang.String)
2020-06-03 14:35:47 [restartedMain] INFO  o.s.b.a.e.m.EndpointHandlerMapping - MDC[] - Mapped "{[/health || /health.json],methods=[GET],produces=[application/vnd.spring-boot.actuator.v1+json || application/json]}" onto public java.lang.Object org.springframework.boot.actuate.endpoint.mvc.HealthMvcEndpoint.invoke(javax.servlet.http.HttpServletRequest,java.security.Principal)
2020-06-03 14:35:47 [restartedMain] INFO  o.s.b.a.e.m.EndpointHandlerMapping - MDC[] - Mapped "{[/loggers/{name:.*}],methods=[GET],produces=[application/vnd.spring-boot.actuator.v1+json || application/json]}" onto public java.lang.Object org.springframework.boot.actuate.endpoint.mvc.LoggersMvcEndpoint.get(java.lang.String)
2020-06-03 14:35:47 [restartedMain] INFO  o.s.b.a.e.m.EndpointHandlerMapping - MDC[] - Mapped "{[/loggers/{name:.*}],methods=[POST],consumes=[application/vnd.spring-boot.actuator.v1+json || application/json],produces=[application/vnd.spring-boot.actuator.v1+json || application/json]}" onto public java.lang.Object org.springframework.boot.actuate.endpoint.mvc.LoggersMvcEndpoint.set(java.lang.String,java.util.Map<java.lang.String, java.lang.String>)
2020-06-03 14:35:47 [restartedMain] INFO  o.s.b.a.e.m.EndpointHandlerMapping - MDC[] - Mapped "{[/loggers || /loggers.json],methods=[GET],produces=[application/vnd.spring-boot.actuator.v1+json || application/json]}" onto public java.lang.Object org.springframework.boot.actuate.endpoint.mvc.EndpointMvcAdapter.invoke()
2020-06-03 14:35:47 [restartedMain] INFO  o.s.b.a.e.m.EndpointHandlerMapping - MDC[] - Mapped "{[/info || /info.json],methods=[GET],produces=[application/vnd.spring-boot.actuator.v1+json || application/json]}" onto public java.lang.Object org.springframework.boot.actuate.endpoint.mvc.EndpointMvcAdapter.invoke()
2020-06-03 14:35:47 [restartedMain] INFO  o.s.b.a.e.m.EndpointHandlerMapping - MDC[] - Mapped "{[/trace || /trace.json],methods=[GET],produces=[application/vnd.spring-boot.actuator.v1+json || application/json]}" onto public java.lang.Object org.springframework.boot.actuate.endpoint.mvc.EndpointMvcAdapter.invoke()
2020-06-03 14:35:47 [restartedMain] INFO  o.s.b.a.e.m.EndpointHandlerMapping - MDC[] - Mapped "{[/autoconfig || /autoconfig.json],methods=[GET],produces=[application/vnd.spring-boot.actuator.v1+json || application/json]}" onto public java.lang.Object org.springframework.boot.actuate.endpoint.mvc.EndpointMvcAdapter.invoke()
2020-06-03 14:35:47 [restartedMain] INFO  o.s.b.a.e.m.EndpointHandlerMapping - MDC[] - Mapped "{[/mappings || /mappings.json],methods=[GET],produces=[application/vnd.spring-boot.actuator.v1+json || application/json]}" onto public java.lang.Object org.springframework.boot.actuate.endpoint.mvc.EndpointMvcAdapter.invoke()
2020-06-03 14:35:47 [restartedMain] INFO  o.s.b.a.e.m.EndpointHandlerMapping - MDC[] - Mapped "{[/metrics/{name:.*}],methods=[GET],produces=[application/vnd.spring-boot.actuator.v1+json || application/json]}" onto public java.lang.Object org.springframework.boot.actuate.endpoint.mvc.MetricsMvcEndpoint.value(java.lang.String)
2020-06-03 14:35:47 [restartedMain] INFO  o.s.b.a.e.m.EndpointHandlerMapping - MDC[] - Mapped "{[/metrics || /metrics.json],methods=[GET],produces=[application/vnd.spring-boot.actuator.v1+json || application/json]}" onto public java.lang.Object org.springframework.boot.actuate.endpoint.mvc.EndpointMvcAdapter.invoke()
2020-06-03 14:35:47 [restartedMain] INFO  o.s.b.a.e.m.EndpointHandlerMapping - MDC[] - Mapped "{[/dump || /dump.json],methods=[GET],produces=[application/vnd.spring-boot.actuator.v1+json || application/json]}" onto public java.lang.Object org.springframework.boot.actuate.endpoint.mvc.EndpointMvcAdapter.invoke()
2020-06-03 14:35:47 [restartedMain] INFO  o.s.b.a.e.m.EndpointHandlerMapping - MDC[] - Mapped "{[/beans || /beans.json],methods=[GET],produces=[application/vnd.spring-boot.actuator.v1+json || application/json]}" onto public java.lang.Object org.springframework.boot.actuate.endpoint.mvc.EndpointMvcAdapter.invoke()
2020-06-03 14:35:47 [restartedMain] INFO  o.s.b.a.e.m.EndpointHandlerMapping - MDC[] - Mapped "{[/env/{name:.*}],methods=[GET],produces=[application/vnd.spring-boot.actuator.v1+json || application/json]}" onto public java.lang.Object org.springframework.boot.actuate.endpoint.mvc.EnvironmentMvcEndpoint.value(java.lang.String)
2020-06-03 14:35:47 [restartedMain] INFO  o.s.b.a.e.m.EndpointHandlerMapping - MDC[] - Mapped "{[/env || /env.json],methods=[GET],produces=[application/vnd.spring-boot.actuator.v1+json || application/json]}" onto public java.lang.Object org.springframework.boot.actuate.endpoint.mvc.EndpointMvcAdapter.invoke()
2020-06-03 14:35:47 [restartedMain] INFO  o.s.b.a.e.m.EndpointHandlerMapping - MDC[] - Mapped "{[/heapdump || /heapdump.json],methods=[GET],produces=[application/octet-stream]}" onto public void org.springframework.boot.actuate.endpoint.mvc.HeapdumpMvcEndpoint.invoke(boolean,javax.servlet.http.HttpServletRequest,javax.servlet.http.HttpServletResponse) throws java.io.IOException,javax.servlet.ServletException
2020-06-03 14:35:47 [restartedMain] INFO  o.s.w.s.m.m.a.RequestMappingHandlerAdapter - MDC[] - Looking for @ControllerAdvice: org.springframework.boot.context.embedded.AnnotationConfigEmbeddedWebApplicationContext@1f549a0: startup date [Wed Jun 03 14:35:42 IST 2020]; root of context hierarchy
2020-06-03 14:35:47 [restartedMain] INFO  o.s.w.s.h.SimpleUrlHandlerMapping - MDC[] - Mapped URL path [/webjars/**] onto handler of type [class org.springframework.web.servlet.resource.ResourceHttpRequestHandler]
2020-06-03 14:35:47 [restartedMain] INFO  o.s.w.s.h.SimpleUrlHandlerMapping - MDC[] - Mapped URL path [/**] onto handler of type [class org.springframework.web.servlet.resource.ResourceHttpRequestHandler]
2020-06-03 14:35:47 [restartedMain] INFO  o.s.w.s.h.SimpleUrlHandlerMapping - MDC[] - Mapped URL path [/**/favicon.ico] onto handler of type [class org.springframework.web.servlet.resource.ResourceHttpRequestHandler]
2020-06-03 14:35:48 [restartedMain] INFO  o.s.b.d.a.OptionalLiveReloadServer - MDC[] - LiveReload server is running on port 35729
2020-06-03 14:35:48 [restartedMain] INFO  o.s.j.e.a.AnnotationMBeanExporter - MDC[] - Registering beans for JMX exposure on startup
2020-06-03 14:35:48 [restartedMain] INFO  o.s.b.a.e.jmx.EndpointMBeanExporter - MDC[] - Registering beans for JMX exposure on startup
2020-06-03 14:35:48 [restartedMain] INFO  o.s.c.s.DefaultLifecycleProcessor - MDC[] - Starting beans in phase 0
2020-06-03 14:35:48 [restartedMain] INFO  o.s.b.a.e.jmx.EndpointMBeanExporter - MDC[] - Located managed bean 'auditEventsEndpoint': registering with JMX server as MBean [org.springframework.boot:type=Endpoint,name=auditEventsEndpoint]
2020-06-03 14:35:48 [restartedMain] INFO  o.s.b.a.e.jmx.EndpointMBeanExporter - MDC[] - Located managed bean 'requestMappingEndpoint': registering with JMX server as MBean [org.springframework.boot:type=Endpoint,name=requestMappingEndpoint]
2020-06-03 14:35:48 [restartedMain] INFO  o.s.b.a.e.jmx.EndpointMBeanExporter - MDC[] - Located managed bean 'environmentEndpoint': registering with JMX server as MBean [org.springframework.boot:type=Endpoint,name=environmentEndpoint]
2020-06-03 14:35:48 [restartedMain] INFO  o.s.b.a.e.jmx.EndpointMBeanExporter - MDC[] - Located managed bean 'healthEndpoint': registering with JMX server as MBean [org.springframework.boot:type=Endpoint,name=healthEndpoint]
2020-06-03 14:35:48 [restartedMain] INFO  o.s.b.a.e.jmx.EndpointMBeanExporter - MDC[] - Located managed bean 'beansEndpoint': registering with JMX server as MBean [org.springframework.boot:type=Endpoint,name=beansEndpoint]
2020-06-03 14:35:48 [restartedMain] INFO  o.s.b.a.e.jmx.EndpointMBeanExporter - MDC[] - Located managed bean 'infoEndpoint': registering with JMX server as MBean [org.springframework.boot:type=Endpoint,name=infoEndpoint]
2020-06-03 14:35:48 [restartedMain] INFO  o.s.b.a.e.jmx.EndpointMBeanExporter - MDC[] - Located managed bean 'loggersEndpoint': registering with JMX server as MBean [org.springframework.boot:type=Endpoint,name=loggersEndpoint]
2020-06-03 14:35:48 [restartedMain] INFO  o.s.b.a.e.jmx.EndpointMBeanExporter - MDC[] - Located managed bean 'metricsEndpoint': registering with JMX server as MBean [org.springframework.boot:type=Endpoint,name=metricsEndpoint]
2020-06-03 14:35:48 [restartedMain] INFO  o.s.b.a.e.jmx.EndpointMBeanExporter - MDC[] - Located managed bean 'traceEndpoint': registering with JMX server as MBean [org.springframework.boot:type=Endpoint,name=traceEndpoint]
2020-06-03 14:35:48 [restartedMain] INFO  o.s.b.a.e.jmx.EndpointMBeanExporter - MDC[] - Located managed bean 'dumpEndpoint': registering with JMX server as MBean [org.springframework.boot:type=Endpoint,name=dumpEndpoint]
2020-06-03 14:35:48 [restartedMain] INFO  o.s.b.a.e.jmx.EndpointMBeanExporter - MDC[] - Located managed bean 'autoConfigurationReportEndpoint': registering with JMX server as MBean [org.springframework.boot:type=Endpoint,name=autoConfigurationReportEndpoint]
2020-06-03 14:35:48 [restartedMain] INFO  o.s.b.a.e.jmx.EndpointMBeanExporter - MDC[] - Located managed bean 'configurationPropertiesReportEndpoint': registering with JMX server as MBean [org.springframework.boot:type=Endpoint,name=configurationPropertiesReportEndpoint]
2020-06-03 14:35:48 [restartedMain] INFO  o.s.c.s.DefaultLifecycleProcessor - MDC[] - Starting beans in phase 2147483647
2020-06-03 14:35:48 [restartedMain] INFO  s.d.s.w.p.DocumentationPluginsBootstrapper - MDC[] - Context refreshed
2020-06-03 14:35:48 [restartedMain] INFO  s.d.s.w.p.DocumentationPluginsBootstrapper - MDC[] - Found 1 custom documentation plugin(s)
2020-06-03 14:35:48 [restartedMain] INFO  s.d.s.w.s.ApiListingReferenceScanner - MDC[] - Scanning for api listing references
2020-06-03 14:35:48 [restartedMain] INFO  o.a.coyote.http11.Http11NioProtocol - MDC[] - Initializing ProtocolHandler ["http-nio-8333"]
2020-06-03 14:35:48 [restartedMain] INFO  o.a.coyote.http11.Http11NioProtocol - MDC[] - Starting ProtocolHandler [http-nio-8333]
2020-06-03 14:35:48 [restartedMain] INFO  o.a.tomcat.util.net.NioSelectorPool - MDC[] - Using a shared selector for servlet write/read
2020-06-03 14:35:48 [restartedMain] INFO  o.s.b.c.e.t.TomcatEmbeddedServletContainer - MDC[] - Tomcat started on port(s): 8333 (http)
2020-06-03 14:35:48 [restartedMain] INFO  com.fisglobal.main.NvltyMain - MDC[] - Started NvltyMain in 7.414 seconds (JVM running for 8.371)
2020-06-03 18:22:26 [Thread-6] INFO  o.s.b.c.e.AnnotationConfigEmbeddedWebApplicationContext - MDC[] - Closing org.springframework.boot.context.embedded.AnnotationConfigEmbeddedWebApplicationContext@1f549a0: startup date [Wed Jun 03 14:35:42 IST 2020]; root of context hierarchy
2020-06-03 18:22:26 [Thread-6] INFO  o.s.c.s.DefaultLifecycleProcessor - MDC[] - Stopping beans in phase 2147483647
2020-06-03 18:22:26 [Thread-6] INFO  o.s.c.s.DefaultLifecycleProcessor - MDC[] - Stopping beans in phase 0
2020-06-03 18:22:26 [Thread-6] INFO  o.s.b.a.e.jmx.EndpointMBeanExporter - MDC[] - Unregistering JMX-exposed beans on shutdown
2020-06-03 18:22:26 [Thread-6] INFO  o.s.b.a.e.jmx.EndpointMBeanExporter - MDC[] - Unregistering JMX-exposed beans
2020-06-03 18:22:26 [Thread-6] INFO  o.s.j.e.a.AnnotationMBeanExporter - MDC[] - Unregistering JMX-exposed beans on shutdown
2020-06-03 18:22:27 [restartedMain] INFO  com.fisglobal.main.NvltyMain - MDC[] - Starting NvltyMain on System-1 with PID 22536 (C:\Neon\innovate\Nvlty\target\classes started by user1 in C:\Neon\innovate\Nvlty)
2020-06-03 18:22:27 [restartedMain] DEBUG com.fisglobal.main.NvltyMain - MDC[] - Running with Spring Boot v1.5.2.RELEASE, Spring v4.3.7.RELEASE
2020-06-03 18:22:27 [restartedMain] INFO  com.fisglobal.main.NvltyMain - MDC[] - The following profiles are active: dev
2020-06-03 18:22:27 [restartedMain] INFO  o.s.b.c.e.AnnotationConfigEmbeddedWebApplicationContext - MDC[] - Refreshing org.springframework.boot.context.embedded.AnnotationConfigEmbeddedWebApplicationContext@b81c75: startup date [Wed Jun 03 18:22:27 IST 2020]; root of context hierarchy
2020-06-03 18:22:29 [restartedMain] INFO  c.u.j.c.EnableEncryptablePropertiesBeanFactoryPostProcessor - MDC[] - Post-processing PropertySource instances
2020-06-03 18:22:29 [restartedMain] INFO  c.u.j.EncryptablePropertySourceConverter - MDC[] - Converting PropertySource servletConfigInitParams [org.springframework.core.env.PropertySource$StubPropertySource] to EncryptablePropertySourceWrapper
2020-06-03 18:22:29 [restartedMain] INFO  c.u.j.EncryptablePropertySourceConverter - MDC[] - Converting PropertySource servletContextInitParams [org.springframework.core.env.PropertySource$StubPropertySource] to EncryptablePropertySourceWrapper
2020-06-03 18:22:29 [restartedMain] INFO  c.u.j.EncryptablePropertySourceConverter - MDC[] - Converting PropertySource systemProperties [org.springframework.core.env.MapPropertySource] to EncryptableMapPropertySourceWrapper
2020-06-03 18:22:29 [restartedMain] INFO  c.u.j.EncryptablePropertySourceConverter - MDC[] - Converting PropertySource systemEnvironment [org.springframework.core.env.SystemEnvironmentPropertySource] to EncryptableMapPropertySourceWrapper
2020-06-03 18:22:29 [restartedMain] INFO  c.u.j.EncryptablePropertySourceConverter - MDC[] - Converting PropertySource random [org.springframework.boot.context.config.RandomValuePropertySource] to EncryptablePropertySourceWrapper
2020-06-03 18:22:29 [restartedMain] INFO  c.u.j.EncryptablePropertySourceConverter - MDC[] - Converting PropertySource applicationConfig: [classpath:/application.properties] [org.springframework.core.env.PropertiesPropertySource] to EncryptableMapPropertySourceWrapper
2020-06-03 18:22:29 [restartedMain] INFO  c.u.j.EncryptablePropertySourceConverter - MDC[] - Converting PropertySource refresh [org.springframework.core.env.MapPropertySource] to EncryptableMapPropertySourceWrapper
2020-06-03 18:22:29 [restartedMain] INFO  o.s.c.s.PostProcessorRegistrationDelegate$BeanPostProcessorChecker - MDC[] - Bean 'org.springframework.transaction.annotation.ProxyTransactionManagementConfiguration' of type [org.springframework.transaction.annotation.ProxyTransactionManagementConfiguration$$EnhancerBySpringCGLIB$$270669d6] is not eligible for getting processed by all BeanPostProcessors (for example: not eligible for auto-proxying)
2020-06-03 18:22:29 [restartedMain] INFO  c.u.j.r.DefaultLazyPropertyResolver - MDC[] - Property Resolver custom Bean not found with name 'encryptablePropertyResolver'. Initializing Default Property Resolver
2020-06-03 18:22:29 [restartedMain] INFO  c.u.j.d.DefaultLazyPropertyDetector - MDC[] - Property Detector custom Bean not found with name 'encryptablePropertyDetector'. Initializing Default Property Detector
2020-06-03 18:22:30 [restartedMain] INFO  o.s.b.c.e.t.TomcatEmbeddedServletContainer - MDC[] - Tomcat initialized with port(s): 8333 (http)
2020-06-03 18:22:30 [restartedMain] INFO  o.a.catalina.core.StandardService - MDC[] - Starting service Tomcat
2020-06-03 18:22:30 [restartedMain] INFO  o.a.catalina.core.StandardEngine - MDC[] - Starting Servlet Engine: Apache Tomcat/8.5.11
2020-06-03 18:22:30 [localhost-startStop-1] INFO  o.a.c.c.C.[Tomcat].[localhost].[/] - MDC[] - Initializing Spring embedded WebApplicationContext
2020-06-03 18:22:30 [localhost-startStop-1] INFO  o.s.web.context.ContextLoader - MDC[] - Root WebApplicationContext: initialization completed in 2474 ms
2020-06-03 18:22:30 [localhost-startStop-1] INFO  o.s.b.w.s.ServletRegistrationBean - MDC[] - Mapping servlet: 'dispatcherServlet' to [/]
2020-06-03 18:22:30 [localhost-startStop-1] INFO  o.s.b.w.s.FilterRegistrationBean - MDC[] - Mapping filter: 'metricsFilter' to: [/*]
2020-06-03 18:22:30 [localhost-startStop-1] INFO  o.s.b.w.s.FilterRegistrationBean - MDC[] - Mapping filter: 'characterEncodingFilter' to: [/*]
2020-06-03 18:22:30 [localhost-startStop-1] INFO  o.s.b.w.s.FilterRegistrationBean - MDC[] - Mapping filter: 'hiddenHttpMethodFilter' to: [/*]
2020-06-03 18:22:30 [localhost-startStop-1] INFO  o.s.b.w.s.FilterRegistrationBean - MDC[] - Mapping filter: 'httpPutFormContentFilter' to: [/*]
2020-06-03 18:22:30 [localhost-startStop-1] INFO  o.s.b.w.s.FilterRegistrationBean - MDC[] - Mapping filter: 'requestContextFilter' to: [/*]
2020-06-03 18:22:30 [localhost-startStop-1] INFO  o.s.b.w.s.FilterRegistrationBean - MDC[] - Mapping filter: 'webRequestLoggingFilter' to: [/*]
2020-06-03 18:22:30 [localhost-startStop-1] INFO  o.s.b.w.s.FilterRegistrationBean - MDC[] - Mapping filter: 'applicationContextIdFilter' to: [/*]
2020-06-03 18:22:30 [restartedMain] INFO  o.s.w.s.m.m.a.RequestMappingHandlerMapping - MDC[] - Mapped "{[/v1.0.0/Nvlty/NvltyService/seatAllocSvc],methods=[POST],produces=[application/json]}" onto public org.springframework.http.ResponseEntity<com.fisglobal.responsebo.SeatAllocSvcResp> com.fisglobal.api.NvltyController.seatAllocSvc(com.fisglobal.requestbo.SeatAllocSvcReq,org.springframework.validation.BindingResult) throws java.lang.Exception
2020-06-03 18:22:30 [restartedMain] INFO  o.s.w.s.m.m.a.RequestMappingHandlerMapping - MDC[] - Mapped "{[/v1.0.0/Nvlty/NvltyService/insertSvc],methods=[POST],produces=[application/json]}" onto public org.springframework.http.ResponseEntity<com.fisglobal.responsebo.TrckSvcResp> com.fisglobal.api.NvltyController.insertSvc(com.fisglobal.requestbo.TrckSvcReq,org.springframework.validation.BindingResult) throws java.lang.Exception
2020-06-03 18:22:30 [restartedMain] INFO  o.s.w.s.m.m.a.RequestMappingHandlerMapping - MDC[] - Mapped "{[/v1.0.0/Nvlty/NvltyService/contactTrckSvc],methods=[POST],produces=[application/json]}" onto public org.springframework.http.ResponseEntity<com.fisglobal.responsebo.ContactTrckSvcResp> com.fisglobal.api.NvltyController.contactTrckSvc(com.fisglobal.requestbo.ContactTrckSvcReq,org.springframework.validation.BindingResult) throws java.lang.Exception
2020-06-03 18:22:30 [restartedMain] INFO  o.s.w.s.m.m.a.RequestMappingHandlerMapping - MDC[] - Mapped "{[/v1.0.0/Nvlty/NvltyService/calWrkFrcSvc],methods=[POST],produces=[application/json]}" onto public org.springframework.http.ResponseEntity<com.fisglobal.responsebo.CalWrkFrcResp> com.fisglobal.api.NvltyController.calWrkFrcSvc(com.fisglobal.requestbo.CalWrkFrcSvcReq,org.springframework.validation.BindingResult) throws java.lang.Exception
2020-06-03 18:22:30 [restartedMain] INFO  o.s.w.s.m.m.a.RequestMappingHandlerMapping - MDC[] - Mapped "{[/v1.0.0/Nvlty/NvltyService/regSvc],methods=[POST],produces=[application/json]}" onto public org.springframework.http.ResponseEntity<com.fisglobal.responsebo.RegSvcResp> com.fisglobal.api.NvltyController.regSvc(com.fisglobal.requestbo.RegSvcReq,org.springframework.validation.BindingResult) throws java.lang.Exception
2020-06-03 18:22:30 [restartedMain] INFO  o.s.w.s.m.m.a.RequestMappingHandlerMapping - MDC[] - Mapped "{[/v2/api-docs],methods=[GET],produces=[application/json || application/hal+json]}" onto public org.springframework.http.ResponseEntity<springfox.documentation.spring.web.json.Json> springfox.documentation.swagger2.web.Swagger2Controller.getDocumentation(java.lang.String,javax.servlet.http.HttpServletRequest)
2020-06-03 18:22:30 [restartedMain] INFO  o.s.w.s.m.m.a.RequestMappingHandlerMapping - MDC[] - Mapped "{[/swagger-resources/configuration/ui]}" onto org.springframework.http.ResponseEntity<springfox.documentation.swagger.web.UiConfiguration> springfox.documentation.swagger.web.ApiResourceController.uiConfiguration()
2020-06-03 18:22:30 [restartedMain] INFO  o.s.w.s.m.m.a.RequestMappingHandlerMapping - MDC[] - Mapped "{[/swagger-resources]}" onto org.springframework.http.ResponseEntity<java.util.List<springfox.documentation.swagger.web.SwaggerResource>> springfox.documentation.swagger.web.ApiResourceController.swaggerResources()
2020-06-03 18:22:30 [restartedMain] INFO  o.s.w.s.m.m.a.RequestMappingHandlerMapping - MDC[] - Mapped "{[/swagger-resources/configuration/security]}" onto org.springframework.http.ResponseEntity<springfox.documentation.swagger.web.SecurityConfiguration> springfox.documentation.swagger.web.ApiResourceController.securityConfiguration()
2020-06-03 18:22:30 [restartedMain] INFO  o.s.w.s.m.m.a.RequestMappingHandlerMapping - MDC[] - Mapped "{[/error]}" onto public org.springframework.http.ResponseEntity<java.util.Map<java.lang.String, java.lang.Object>> org.springframework.boot.autoconfigure.web.BasicErrorController.error(javax.servlet.http.HttpServletRequest)
2020-06-03 18:22:30 [restartedMain] INFO  o.s.w.s.m.m.a.RequestMappingHandlerMapping - MDC[] - Mapped "{[/error],produces=[text/html]}" onto public org.springframework.web.servlet.ModelAndView org.springframework.boot.autoconfigure.web.BasicErrorController.errorHtml(javax.servlet.http.HttpServletRequest,javax.servlet.http.HttpServletResponse)
2020-06-03 18:22:31 [restartedMain] INFO  o.s.b.a.e.m.EndpointHandlerMapping - MDC[] - Mapped "{[/health || /health.json],methods=[GET],produces=[application/vnd.spring-boot.actuator.v1+json || application/json]}" onto public java.lang.Object org.springframework.boot.actuate.endpoint.mvc.HealthMvcEndpoint.invoke(javax.servlet.http.HttpServletRequest,java.security.Principal)
2020-06-03 18:22:31 [restartedMain] INFO  o.s.b.a.e.m.EndpointHandlerMapping - MDC[] - Mapped "{[/metrics/{name:.*}],methods=[GET],produces=[application/vnd.spring-boot.actuator.v1+json || application/json]}" onto public java.lang.Object org.springframework.boot.actuate.endpoint.mvc.MetricsMvcEndpoint.value(java.lang.String)
2020-06-03 18:22:31 [restartedMain] INFO  o.s.b.a.e.m.EndpointHandlerMapping - MDC[] - Mapped "{[/metrics || /metrics.json],methods=[GET],produces=[application/vnd.spring-boot.actuator.v1+json || application/json]}" onto public java.lang.Object org.springframework.boot.actuate.endpoint.mvc.EndpointMvcAdapter.invoke()
2020-06-03 18:22:31 [restartedMain] INFO  o.s.b.a.e.m.EndpointHandlerMapping - MDC[] - Mapped "{[/mappings || /mappings.json],methods=[GET],produces=[application/vnd.spring-boot.actuator.v1+json || application/json]}" onto public java.lang.Object org.springframework.boot.actuate.endpoint.mvc.EndpointMvcAdapter.invoke()
2020-06-03 18:22:31 [restartedMain] INFO  o.s.b.a.e.m.EndpointHandlerMapping - MDC[] - Mapped "{[/trace || /trace.json],methods=[GET],produces=[application/vnd.spring-boot.actuator.v1+json || application/json]}" onto public java.lang.Object org.springframework.boot.actuate.endpoint.mvc.EndpointMvcAdapter.invoke()
2020-06-03 18:22:31 [restartedMain] INFO  o.s.b.a.e.m.EndpointHandlerMapping - MDC[] - Mapped "{[/configprops || /configprops.json],methods=[GET],produces=[application/vnd.spring-boot.actuator.v1+json || application/json]}" onto public java.lang.Object org.springframework.boot.actuate.endpoint.mvc.EndpointMvcAdapter.invoke()
2020-06-03 18:22:31 [restartedMain] INFO  o.s.b.a.e.m.EndpointHandlerMapping - MDC[] - Mapped "{[/info || /info.json],methods=[GET],produces=[application/vnd.spring-boot.actuator.v1+json || application/json]}" onto public java.lang.Object org.springframework.boot.actuate.endpoint.mvc.EndpointMvcAdapter.invoke()
2020-06-03 18:22:31 [restartedMain] INFO  o.s.b.a.e.m.EndpointHandlerMapping - MDC[] - Mapped "{[/loggers/{name:.*}],methods=[GET],produces=[application/vnd.spring-boot.actuator.v1+json || application/json]}" onto public java.lang.Object org.springframework.boot.actuate.endpoint.mvc.LoggersMvcEndpoint.get(java.lang.String)
2020-06-03 18:22:31 [restartedMain] INFO  o.s.b.a.e.m.EndpointHandlerMapping - MDC[] - Mapped "{[/loggers/{name:.*}],methods=[POST],consumes=[application/vnd.spring-boot.actuator.v1+json || application/json],produces=[application/vnd.spring-boot.actuator.v1+json || application/json]}" onto public java.lang.Object org.springframework.boot.actuate.endpoint.mvc.LoggersMvcEndpoint.set(java.lang.String,java.util.Map<java.lang.String, java.lang.String>)
2020-06-03 18:22:31 [restartedMain] INFO  o.s.b.a.e.m.EndpointHandlerMapping - MDC[] - Mapped "{[/loggers || /loggers.json],methods=[GET],produces=[application/vnd.spring-boot.actuator.v1+json || application/json]}" onto public java.lang.Object org.springframework.boot.actuate.endpoint.mvc.EndpointMvcAdapter.invoke()
2020-06-03 18:22:31 [restartedMain] INFO  o.s.b.a.e.m.EndpointHandlerMapping - MDC[] - Mapped "{[/env/{name:.*}],methods=[GET],produces=[application/vnd.spring-boot.actuator.v1+json || application/json]}" onto public java.lang.Object org.springframework.boot.actuate.endpoint.mvc.EnvironmentMvcEndpoint.value(java.lang.String)
2020-06-03 18:22:31 [restartedMain] INFO  o.s.b.a.e.m.EndpointHandlerMapping - MDC[] - Mapped "{[/env || /env.json],methods=[GET],produces=[application/vnd.spring-boot.actuator.v1+json || application/json]}" onto public java.lang.Object org.springframework.boot.actuate.endpoint.mvc.EndpointMvcAdapter.invoke()
2020-06-03 18:22:31 [restartedMain] INFO  o.s.b.a.e.m.EndpointHandlerMapping - MDC[] - Mapped "{[/autoconfig || /autoconfig.json],methods=[GET],produces=[application/vnd.spring-boot.actuator.v1+json || application/json]}" onto public java.lang.Object org.springframework.boot.actuate.endpoint.mvc.EndpointMvcAdapter.invoke()
2020-06-03 18:22:31 [restartedMain] INFO  o.s.b.a.e.m.EndpointHandlerMapping - MDC[] - Mapped "{[/beans || /beans.json],methods=[GET],produces=[application/vnd.spring-boot.actuator.v1+json || application/json]}" onto public java.lang.Object org.springframework.boot.actuate.endpoint.mvc.EndpointMvcAdapter.invoke()
2020-06-03 18:22:31 [restartedMain] INFO  o.s.b.a.e.m.EndpointHandlerMapping - MDC[] - Mapped "{[/auditevents || /auditevents.json],methods=[GET],produces=[application/vnd.spring-boot.actuator.v1+json || application/json]}" onto public org.springframework.http.ResponseEntity<?> org.springframework.boot.actuate.endpoint.mvc.AuditEventsMvcEndpoint.findByPrincipalAndAfterAndType(java.lang.String,java.util.Date,java.lang.String)
2020-06-03 18:22:31 [restartedMain] INFO  o.s.b.a.e.m.EndpointHandlerMapping - MDC[] - Mapped "{[/heapdump || /heapdump.json],methods=[GET],produces=[application/octet-stream]}" onto public void org.springframework.boot.actuate.endpoint.mvc.HeapdumpMvcEndpoint.invoke(boolean,javax.servlet.http.HttpServletRequest,javax.servlet.http.HttpServletResponse) throws java.io.IOException,javax.servlet.ServletException
2020-06-03 18:22:31 [restartedMain] INFO  o.s.b.a.e.m.EndpointHandlerMapping - MDC[] - Mapped "{[/dump || /dump.json],methods=[GET],produces=[application/vnd.spring-boot.actuator.v1+json || application/json]}" onto public java.lang.Object org.springframework.boot.actuate.endpoint.mvc.EndpointMvcAdapter.invoke()
2020-06-03 18:22:31 [restartedMain] INFO  o.s.w.s.m.m.a.RequestMappingHandlerAdapter - MDC[] - Looking for @ControllerAdvice: org.springframework.boot.context.embedded.AnnotationConfigEmbeddedWebApplicationContext@b81c75: startup date [Wed Jun 03 18:22:27 IST 2020]; root of context hierarchy
2020-06-03 18:22:31 [restartedMain] INFO  o.s.w.s.h.SimpleUrlHandlerMapping - MDC[] - Mapped URL path [/webjars/**] onto handler of type [class org.springframework.web.servlet.resource.ResourceHttpRequestHandler]
2020-06-03 18:22:31 [restartedMain] INFO  o.s.w.s.h.SimpleUrlHandlerMapping - MDC[] - Mapped URL path [/**] onto handler of type [class org.springframework.web.servlet.resource.ResourceHttpRequestHandler]
2020-06-03 18:22:31 [restartedMain] INFO  o.s.w.s.h.SimpleUrlHandlerMapping - MDC[] - Mapped URL path [/**/favicon.ico] onto handler of type [class org.springframework.web.servlet.resource.ResourceHttpRequestHandler]
